<?xml version="1.0" encoding="UTF-8"?>
<!-- Generated by org.testng.reporters.JUnitReportReporter -->
<testsuite hostname="WINDOWS-VSABPKC" failures="0" tests="1" name="admin_page_testcases.User_add_Case" time="53.353" errors="0" timestamp="2023-07-18T15:28:24 IST" skipped="0">
  <testcase classname="admin_page_testcases.User_add_Case" name="admincase" time="53.353"/>
</testsuite> <!-- admin_page_testcases.User_add_Case -->
