<?xml version="1.0" encoding="UTF-8"?>
<!-- Generated by org.testng.reporters.JUnitReportReporter -->
<testsuite hostname="WINDOWS-VSABPKC" failures="0" tests="1" name="First_Pack.FirstClass" time="0.023" errors="0" timestamp="2023-07-16T23:08:13 IST" skipped="0">
  <testcase classname="First_Pack.FirstClass" name="imageverify" time="0.023"/>
</testsuite> <!-- First_Pack.FirstClass -->
