<?xml version="1.0" encoding="UTF-8"?>
<!-- Generated by org.testng.reporters.JUnitReportReporter -->
<testsuite hostname="WINDOWS-VSABPKC" failures="0" tests="1" name="admin_page_testcases.PIM_testcases" time="55.472" errors="0" timestamp="2023-07-18T15:28:24 IST" skipped="0">
  <testcase classname="admin_page_testcases.PIM_testcases" name="admincase" time="55.472"/>
</testsuite> <!-- admin_page_testcases.PIM_testcases -->
